zxinglibmichalu/build/intermediates/proguard-rules/release/aapt_rules.txt
# view AndroidManifest.xml #generated:67
-keep class com.google.zxing.client.android.CaptureActivity { <init>(...); }

# view AndroidManifest.xml #generated:217
-keep class com.google.zxing.client.android.HelpActivity { <init>(...); }

# view AndroidManifest.xml #generated:132
-keep class com.google.zxing.client.android.PreferencesActivity { <init>(...); }

# view ldpi-v4\res/layout-ldpi-v4/capture.xml #generated:26
# view res/layout/capture.xml #generated:26
-keep class com.google.zxing.client.android.ViewfinderView { <init>(...); }

# view AndroidManifest.xml #generated:162
-keep class com.google.zxing.client.android.book.SearchBookContentsActivity { <init>(...); }

# view res/layout/search_book_contents_list_item.xml #generated:17
-keep class com.google.zxing.client.android.book.SearchBookContentsListItem { <init>(...); }

# view AndroidManifest.xml #generated:136
-keep class com.google.zxing.client.android.encode.EncodeActivity { <init>(...); }

# view AndroidManifest.xml #generated:186
-keep class com.google.zxing.client.android.history.HistoryActivity { <init>(...); }

# view res/xml/preferences.xml #generated:98
-keep class com.google.zxing.client.android.pref.BSPlusPreference { <init>(...); }

# view AndroidManifest.xml #generated:206
-keep class com.google.zxing.client.android.share.AppPickerActivity { <init>(...); }

# view AndroidManifest.xml #generated:196
-keep class com.google.zxing.client.android.share.BookmarkPickerActivity { <init>(...); }

# view AndroidManifest.xml #generated:174
-keep class com.google.zxing.client.android.share.ShareActivity { <init>(...); }