zxinglibmichalu/build/outputs/mapping/release/seeds.txt
com.google.zxing.client.android.CaptureActivity
com.google.zxing.client.android.CaptureActivity: CaptureActivity()
com.google.zxing.client.android.CaptureActivityHandler$State: com.google.zxing.client.android.CaptureActivityHandler$State[] values()
com.google.zxing.client.android.CaptureActivityHandler$State: com.google.zxing.client.android.CaptureActivityHandler$State valueOf(java.lang.String)
com.google.zxing.client.android.HelpActivity
com.google.zxing.client.android.HelpActivity: HelpActivity()
com.google.zxing.client.android.HttpHelper$ContentType: com.google.zxing.client.android.HttpHelper$ContentType[] values()
com.google.zxing.client.android.HttpHelper$ContentType: com.google.zxing.client.android.HttpHelper$ContentType valueOf(java.lang.String)
com.google.zxing.client.android.IntentSource: com.google.zxing.client.android.IntentSource[] values()
com.google.zxing.client.android.IntentSource: com.google.zxing.client.android.IntentSource valueOf(java.lang.String)
com.google.zxing.client.android.PreferencesActivity
com.google.zxing.client.android.PreferencesActivity: PreferencesActivity()
com.google.zxing.client.android.R
com.google.zxing.client.android.R$array
com.google.zxing.client.android.R$array: int country_codes
com.google.zxing.client.android.R$attr
com.google.zxing.client.android.R$color
com.google.zxing.client.android.R$color: int contents_text
com.google.zxing.client.android.R$color: int encode_view
com.google.zxing.client.android.R$color: int possible_result_points
com.google.zxing.client.android.R$color: int result_minor_text
com.google.zxing.client.android.R$color: int result_points
com.google.zxing.client.android.R$color: int result_text
com.google.zxing.client.android.R$color: int result_view
com.google.zxing.client.android.R$color: int status_text
com.google.zxing.client.android.R$color: int transparent
com.google.zxing.client.android.R$color: int viewfinder_laser
com.google.zxing.client.android.R$color: int viewfinder_mask
com.google.zxing.client.android.R$dimen
com.google.zxing.client.android.R$dimen: int half_padding
com.google.zxing.client.android.R$dimen: int standard_padding
com.google.zxing.client.android.R$drawable
com.google.zxing.client.android.R$drawable: int launcher_icon
com.google.zxing.client.android.R$drawable: int share_via_barcode
com.google.zxing.client.android.R$drawable: int shopper_icon
com.google.zxing.client.android.R$id
com.google.zxing.client.android.R$id: int back_button
com.google.zxing.client.android.R$id: int barcode_image_view
com.google.zxing.client.android.R$id: int bookmark_title
com.google.zxing.client.android.R$id: int bookmark_url
com.google.zxing.client.android.R$id: int contents_supplement_text_view
com.google.zxing.client.android.R$id: int contents_text_view
com.google.zxing.client.android.R$id: int decode
com.google.zxing.client.android.R$id: int decode_failed
com.google.zxing.client.android.R$id: int decode_succeeded
com.google.zxing.client.android.R$id: int done_button
com.google.zxing.client.android.R$id: int format_text_view
com.google.zxing.client.android.R$id: int help_contents
com.google.zxing.client.android.R$id: int history_detail
com.google.zxing.client.android.R$id: int history_title
com.google.zxing.client.android.R$id: int image_view
com.google.zxing.client.android.R$id: int launch_product_query
com.google.zxing.client.android.R$id: int menu_encode
com.google.zxing.client.android.R$id: int menu_help
com.google.zxing.client.android.R$id: int menu_history
com.google.zxing.client.android.R$id: int menu_history_clear_text
com.google.zxing.client.android.R$id: int menu_history_send
com.google.zxing.client.android.R$id: int menu_settings
com.google.zxing.client.android.R$id: int menu_share
com.google.zxing.client.android.R$id: int meta_text_view
com.google.zxing.client.android.R$id: int meta_text_view_label
...
com.android.volley.Request$Priority: com.android.volley.Request$Priority[] values()
com.android.volley.Request$Priority: com.android.volley.Request$Priority valueOf(java.lang.String)
com.android.volley.toolbox.NetworkImageView: void setDefaultImageResId(int)
com.android.volley.toolbox.NetworkImageView: void setErrorImageResId(int)
com.google.zxing.BarcodeFormat: com.google.zxing.BarcodeFormat[] values()
com.google.zxing.BarcodeFormat: com.google.zxing.BarcodeFormat valueOf(java.lang.String)
com.google.zxing.DecodeHintType: com.google.zxing.DecodeHintType[] values()
com.google.zxing.DecodeHintType: com.google.zxing.DecodeHintType valueOf(java.lang.String)
com.google.zxing.EncodeHintType: com.google.zxing.EncodeHintType[] values()
com.google.zxing.EncodeHintType: com.google.zxing.EncodeHintType valueOf(java.lang.String)
com.google.zxing.ResultMetadataType: com.google.zxing.ResultMetadataType[] values()
com.google.zxing.ResultMetadataType: com.google.zxing.ResultMetadataType valueOf(java.lang.String)
com.google.zxing.aztec.decoder.Decoder$Table: com.google.zxing.aztec.decoder.Decoder$Table[] values()
com.google.zxing.aztec.decoder.Decoder$Table: com.google.zxing.aztec.decoder.Decoder$Table valueOf(java.lang.String)
com.google.zxing.client.result.ParsedResultType: com.google.zxing.client.result.ParsedResultType[] values()
com.google.zxing.client.result.ParsedResultType: com.google.zxing.client.result.ParsedResultType valueOf(java.lang.String)
com.google.zxing.common.CharacterSetECI: com.google.zxing.common.CharacterSetECI[] values()
com.google.zxing.common.CharacterSetECI: com.google.zxing.common.CharacterSetECI valueOf(java.lang.String)
com.google.zxing.datamatrix.decoder.DecodedBitStreamParser$Mode: com.google.zxing.datamatrix.decoder.DecodedBitStreamParser$Mode[] values()
com.google.zxing.datamatrix.decoder.DecodedBitStreamParser$Mode: com.google.zxing.datamatrix.decoder.DecodedBitStreamParser$Mode valueOf(java.lang.String)
com.google.zxing.oned.rss.expanded.decoders.CurrentParsingState$State: com.google.zxing.oned.rss.expanded.decoders.CurrentParsingState$State[] values()
com.google.zxing.oned.rss.expanded.decoders.CurrentParsingState$State: com.google.zxing.oned.rss.expanded.decoders.CurrentParsingState$State valueOf(java.lang.String)
com.google.zxing.pdf417.decoder.DecodedBitStreamParser$Mode: com.google.zxing.pdf417.decoder.DecodedBitStreamParser$Mode[] values()
com.google.zxing.pdf417.decoder.DecodedBitStreamParser$Mode: com.google.zxing.pdf417.decoder.DecodedBitStreamParser$Mode valueOf(java.lang.String)
com.google.zxing.pdf417.encoder.Compaction: com.google.zxing.pdf417.encoder.Compaction[] values()
com.google.zxing.pdf417.encoder.Compaction: com.google.zxing.pdf417.encoder.Compaction valueOf(java.lang.String)
com.google.zxing.qrcode.decoder.ErrorCorrectionLevel: com.google.zxing.qrcode.decoder.ErrorCorrectionLevel[] values()
com.google.zxing.qrcode.decoder.ErrorCorrectionLevel: com.google.zxing.qrcode.decoder.ErrorCorrectionLevel valueOf(java.lang.String)
com.google.zxing.qrcode.decoder.Mode: com.google.zxing.qrcode.decoder.Mode[] values()
com.google.zxing.qrcode.decoder.Mode: com.google.zxing.qrcode.decoder.Mode valueOf(java.lang.String)