zxinglibmichalu/build/outputs/mapping/release/mapping.txt
com.google.zxing.client.android.BeepManager -> com.google.zxing.client.android.a:
    java.lang.String TAG -> e
    android.app.Activity activity -> a
    android.media.MediaPlayer mediaPlayer -> b
    boolean playBeep -> c
    boolean vibrate -> d
    void <init>(android.app.Activity) -> <init>
    void updatePrefs() -> a
    android.media.MediaPlayer buildMediaPlayer(android.content.Context) -> a
    void <clinit>() -> <clinit>
com.google.zxing.client.android.BeepManager$1 -> com.google.zxing.client.android.b:
    void <init>() -> <init>
    void onCompletion(android.media.MediaPlayer) -> onCompletion
com.google.zxing.client.android.CaptureActivity -> com.google.zxing.client.android.CaptureActivity:
    java.lang.String TAG -> j
    java.lang.String[] ZXING_URLS -> k
    java.util.Set DISPLAYABLE_METADATA_TYPES -> l
    com.google.zxing.client.android.camera.CameraManager cameraManager -> a
    com.google.zxing.client.android.CaptureActivityHandler handler -> b
    com.google.zxing.Result savedResultToShow -> m
    com.google.zxing.client.android.ViewfinderView viewfinderView -> c
    android.widget.TextView statusView -> n
    android.view.View resultView -> o
    com.google.zxing.Result lastResult -> d
    boolean hasSurface -> p
    boolean copyToClipboard -> q
    int source$37429bb9 -> e
    java.lang.String sourceUrl -> r
    java.lang.String returnUrlTemplate -> f
    boolean returnRaw -> s
    java.util.Collection decodeFormats -> t
    java.lang.String characterSet -> u
    com.google.zxing.client.android.history.HistoryManager historyManager -> g
    com.google.zxing.client.android.InactivityTimer inactivityTimer -> h
    com.google.zxing.client.android.BeepManager beepManager -> i
    void <init>() -> <init>
    void onCreate(android.os.Bundle) -> onCreate
    void onResume() -> onResume
    boolean isZXingURL(java.lang.String) -> a
    void onPause() -> onPause
    void onDestroy() -> onDestroy
    boolean onKeyDown(int,android.view.KeyEvent) -> onKeyDown
    boolean onOptionsItemSelected(android.view.MenuItem) -> onOptionsItemSelected
com.google.zxing.client.android.CaptureActivity$1 -> com.google.zxing.client.android.c:
    int[] $SwitchMap$com$google$zxing$client$android$IntentSource -> a
    void <clinit>() -> <clinit>
com.google.zxing.client.android.CaptureActivityHandler -> com.google.zxing.client.android.d:
    java.lang.String TAG -> d
    com.google.zxing.client.android.CaptureActivity activity -> e
    com.google.zxing.client.android.DecodeThread decodeThread -> a
    int state$495b0d5c -> b
    com.google.zxing.client.android.camera.CameraManager cameraManager -> c
    void <init>(com.google.zxing.client.android.CaptureActivity,java.util.Collection,java.lang.String,com.google.zxing.client.android.camera.CameraManager) -> <init>
    void handleMessage(android.os.Message) -> handleMessage
    void restartPreviewAndDecode() -> a
    void <clinit>() -> <clinit>
com.google.zxing.client.android.CaptureActivityHandler$State -> com.google.zxing.client.android.e:
    int PREVIEW$495b0d5c -> a
    int SUCCESS$495b0d5c -> b
    int DONE$495b0d5c -> c
    int[] $VALUES$22a0ef89 -> d
    void <clinit>() -> <clinit>
com.google.zxing.client.android.Contents -> com.google.zxing.client.android.f:
    java.lang.String[] PHONE_KEYS -> a
    java.lang.String[] PHONE_TYPE_KEYS -> b
    java.lang.String[] EMAIL_KEYS -> c
    java.lang.String[] EMAIL_TYPE_KEYS -> d
    void <clinit>() -> <clinit>
...
com.google.zxing.oned.rss.expanded.RSSExpandedReader -> com.google.zxing.e.a.a.b:
    int[] SYMBOL_WIDEST -> g
    int[] EVEN_TOTAL_SUBSET -> h
    int[] GSUM -> i
    int[][] FINDER_PATTERNS -> j
    int[][] WEIGHTS -> k
    int[][] FINDER_PATTERN_SEQUENCES -> l
    int LONGEST_SEQUENCE_SIZE -> m
    java.util.List pairs -> n
    int[] startEnd -> o
    int[] currentSequence -> p
    void <init>() -> <init>
    com.google.zxing.Result decodeRow(int,com.google.zxing.common.BitArray,java.util.Map) -> a
    void reset() -> a
    com.google.zxing.oned.rss.expanded.ExpandedPair retrieveNextPair(com.google.zxing.common.BitArray,java.util.List,int) -> a
    void reverseCounters(int[]) -> c
    com.google.zxing.oned.rss.FinderPattern parseFoundFinderPattern(com.google.zxing.common.BitArray,int,boolean) -> a
    com.google.zxing.oned.rss.DataCharacter decodeDataCharacter(com.google.zxing.common.BitArray,com.google.zxing.oned.rss.FinderPattern,boolean,boolean) -> a
    boolean isNotA1left(com.google.zxing.oned.rss.FinderPattern,boolean,boolean) -> a
    void <clinit>() -> <clinit>
com.google.zxing.oned.rss.expanded.decoders.AI013103decoder -> com.google.zxing.e.a.a.a.a:
    void <init>(com.google.zxing.common.BitArray) -> <init>
    void addWeightCode(java.lang.StringBuilder,int) -> a
    int checkWeight(int) -> a
com.google.zxing.oned.rss.expanded.decoders.AI01320xDecoder -> com.google.zxing.e.a.a.a.b:
    void <init>(com.google.zxing.common.BitArray) -> <init>
    void addWeightCode(java.lang.StringBuilder,int) -> a
    int checkWeight(int) -> a
com.google.zxing.oned.rss.expanded.decoders.AI01392xDecoder -> com.google.zxing.e.a.a.a.c:
    void <init>(com.google.zxing.common.BitArray) -> <init>
    java.lang.String parseInformation() -> a
com.google.zxing.oned.rss.expanded.decoders.AI01393xDecoder -> com.google.zxing.e.a.a.a.d:
    void <init>(com.google.zxing.common.BitArray) -> <init>
    java.lang.String parseInformation() -> a
com.google.zxing.oned.rss.expanded.decoders.AI013x0x1xDecoder -> com.google.zxing.e.a.a.a.e:
    java.lang.String dateCode -> c
    java.lang.String firstAIdigits -> d
    void <init>(com.google.zxing.common.BitArray,java.lang.String,java.lang.String) -> <init>
    java.lang.String parseInformation() -> a
    void addWeightCode(java.lang.StringBuilder,int) -> a
    int checkWeight(int) -> a
com.google.zxing.oned.rss.expanded.decoders.AI013x0xDecoder -> com.google.zxing.e.a.a.a.f:
    void <init>(com.google.zxing.common.BitArray) -> <init>
    java.lang.String parseInformation() -> a
com.google.zxing.oned.rss.expanded.decoders.AI01AndOtherAIs -> com.google.zxing.e.a.a.a.g:
    void <init>(com.google.zxing.common.BitArray) -> <init>
    java.lang.String parseInformation() -> a
com.google.zxing.oned.rss.expanded.decoders.AI01decoder -> com.google.zxing.e.a.a.a.h:
    void <init>(com.google.zxing.common.BitArray) -> <init>
    void encodeCompressedGtin(java.lang.StringBuilder,int) -> b
    void encodeCompressedGtinWithoutAI(java.lang.StringBuilder,int,int) -> a
com.google.zxing.oned.rss.expanded.decoders.AI01weightDecoder -> com.google.zxing.e.a.a.a.i:
    void <init>(com.google.zxing.common.BitArray) -> <init>
    void encodeCompressedWeight(java.lang.StringBuilder,int,int) -> b
    void addWeightCode(java.lang.StringBuilder,int) -> a
    int checkWeight(int) -> a
com.google.zxing.oned.rss.expanded.decoders.AbstractExpandedDecoder -> com.google.zxing.e.a.a.a.j:
    com.google.zxing.common.BitArray information -> a
    com.google.zxing.oned.rss.expanded.decoders.GeneralAppIdDecoder generalDecoder -> b
    void <init>(com.google.zxing.common.BitArray) -> <init>
    java.lang.String parseInformation() -> a
com.google.zxing.oned.rss.expanded.decoders.AnyAIDecoder -> com.google.zxing.e.a.a.a.k:
    void <init>(com.google.zxing.common.BitArray) -> <init>
    java.lang.String parseInformation() -> a