zxinglibmichalu/build/outputs/mapping/release/usage.txt
com.google.zxing.client.android.BeepManager:
    private static final float BEEP_VOLUME
    private static final long VIBRATE_DURATION
com.google.zxing.client.android.BuildConfig
com.google.zxing.client.android.CaptureActivity:
    private static final long DEFAULT_INTENT_RESULT_DURATION_MS
    private static final long BULK_MODE_SCAN_DELAY_MS
    private static final java.lang.String PACKAGE_NAME
    private static final java.lang.String PRODUCT_SEARCH_URL_PREFIX
    private static final java.lang.String PRODUCT_SEARCH_URL_SUFFIX
    private static final java.lang.String RETURN_CODE_PLACEHOLDER
    private static final java.lang.String RETURN_URL_PARAM
    private static final java.lang.String RAW_PARAM
    public static final int HISTORY_REQUEST_CODE
    733:757:private boolean showHelpOnFirstLaunch()
com.google.zxing.client.android.Contents:
    public static final java.lang.String URL_KEY
    public static final java.lang.String NOTE_KEY
    28:29:private Contents()
com.google.zxing.client.android.Contents$Type
com.google.zxing.client.android.DecodeFormatManager:
    51:51:private DecodeFormatManager()
com.google.zxing.client.android.DecodeThread:
    public static final java.lang.String BARCODE_BITMAP
com.google.zxing.client.android.HelpActivity:
    public static final java.lang.String REQUESTED_PAGE_KEY
    public static final java.lang.String DEFAULT_PAGE
    public static final java.lang.String WHATS_NEW_PAGE
    private static final java.lang.String WEBVIEW_STATE_PRESENT
com.google.zxing.client.android.InactivityTimer:
    private static final long INACTIVITY_DELAY_MS
com.google.zxing.client.android.Intents
com.google.zxing.client.android.Intents$Encode
com.google.zxing.client.android.Intents$History
com.google.zxing.client.android.Intents$Scan
com.google.zxing.client.android.Intents$SearchBookContents
com.google.zxing.client.android.Intents$Share
com.google.zxing.client.android.Intents$WifiConnect
com.google.zxing.client.android.LocaleManager:
    private static final java.lang.String DEFAULT_TLD
    private static final java.lang.String DEFAULT_COUNTRY
    private static final java.lang.String DEFAULT_LANGUAGE
    106:106:private LocaleManager()
com.google.zxing.client.android.PreferencesActivity:
    public static final java.lang.String KEY_DECODE_1D
    public static final java.lang.String KEY_DECODE_QR
    public static final java.lang.String KEY_DECODE_DATA_MATRIX
    public static final java.lang.String KEY_CUSTOM_PRODUCT_SEARCH
    public static final java.lang.String KEY_PLAY_BEEP
    public static final java.lang.String KEY_VIBRATE
    public static final java.lang.String KEY_COPY_TO_CLIPBOARD
    public static final java.lang.String KEY_FRONT_LIGHT
    public static final java.lang.String KEY_BULK_MODE
    public static final java.lang.String KEY_REMEMBER_DUPLICATES
    public static final java.lang.String KEY_SUPPLEMENTAL
    public static final java.lang.String KEY_AUTO_FOCUS
    public static final java.lang.String KEY_SEARCH_COUNTRY
    public static final java.lang.String KEY_DISABLE_CONTINUOUS_FOCUS
    public static final java.lang.String KEY_HELP_VERSION_SHOWN
com.google.zxing.client.android.ViewfinderView:
    private static final long ANIMATION_DELAY
    private static final int CURRENT_POINT_OPACITY
    private static final int MAX_RESULT_POINTS
    private static final int POINT_SIZE
com.google.zxing.client.android.camera.AutoFocusManager:
    private static final long AUTO_FOCUS_INTERVAL_MS
com.google.zxing.client.android.camera.CameraConfigurationManager:
    private static final java.lang.String TAG
    private static final int MIN_PREVIEW_PIXELS
    private static final int MAX_PREVIEW_PIXELS
com.google.zxing.client.android.camera.CameraManager:
    private static final int MIN_FRAME_WIDTH
    private static final int MIN_FRAME_HEIGHT
    private static final int MAX_FRAME_WIDTH
    private static final int MAX_FRAME_HEIGHT
...
com.google.zxing.oned.rss.expanded.BitArrayBuilder:
    39:40:private BitArrayBuilder()
com.google.zxing.oned.rss.expanded.RSSExpandedReader:
    private static final int FINDER_PAT_A
    private static final int FINDER_PAT_B
    private static final int FINDER_PAT_C
    private static final int FINDER_PAT_D
    private static final int FINDER_PAT_E
    private static final int FINDER_PAT_F
    private static final int MAX_PAIRS
com.google.zxing.oned.rss.expanded.decoders.AI01392xDecoder:
    private static final int HEADER_SIZE
    private static final int LAST_DIGIT_SIZE
com.google.zxing.oned.rss.expanded.decoders.AI01393xDecoder:
    private static final int HEADER_SIZE
    private static final int LAST_DIGIT_SIZE
    private static final int FIRST_THREE_DIGITS_SIZE
com.google.zxing.oned.rss.expanded.decoders.AI013x0x1xDecoder:
    private static final int HEADER_SIZE
    private static final int WEIGHT_SIZE
    private static final int DATE_SIZE
com.google.zxing.oned.rss.expanded.decoders.AI013x0xDecoder:
    private static final int HEADER_SIZE
    private static final int WEIGHT_SIZE
com.google.zxing.oned.rss.expanded.decoders.AI01AndOtherAIs:
    private static final int HEADER_SIZE
com.google.zxing.oned.rss.expanded.decoders.AI01decoder:
    protected static final int GTIN_SIZE
com.google.zxing.oned.rss.expanded.decoders.AnyAIDecoder:
    private static final int HEADER_SIZE
com.google.zxing.oned.rss.expanded.decoders.CurrentParsingState:
    65:65:boolean isNumeric()
com.google.zxing.oned.rss.expanded.decoders.DecodedChar:
    static final char FNC1
com.google.zxing.oned.rss.expanded.decoders.DecodedNumeric:
    static final int FNC1
    64:64:int getValue()
    76:76:boolean isAnyFNC1()
com.google.zxing.oned.rss.expanded.decoders.FieldParser:
    189:190:private FieldParser()
com.google.zxing.pdf417.PDF417Reader:
    56:56:public com.google.zxing.Result decode(com.google.zxing.BinaryBitmap)
com.google.zxing.pdf417.decoder.BitMatrixParser:
    private static final int MAX_ROW_DIFFERENCE
    private static final int MAX_ROWS
    private static final int MAX_CW_CAPACITY
    private static final int MODULES_IN_SYMBOL
com.google.zxing.pdf417.decoder.DecodedBitStreamParser:
    private static final int TEXT_COMPACTION_MODE_LATCH
    private static final int BYTE_COMPACTION_MODE_LATCH
    private static final int NUMERIC_COMPACTION_MODE_LATCH
    private static final int BYTE_COMPACTION_MODE_LATCH_6
    private static final int BEGIN_MACRO_PDF417_CONTROL_BLOCK
    private static final int BEGIN_MACRO_PDF417_OPTIONAL_FIELD
    private static final int MACRO_PDF417_TERMINATOR
    private static final int MODE_SHIFT_TO_BYTE_COMPACTION_MODE
    private static final int MAX_NUMERIC_CODEWORDS
    private static final int PL
    private static final int LL
    private static final int AS
    private static final int ML
    private static final int AL
    private static final int PS
    private static final int PAL
    83:84:private DecodedBitStreamParser()
com.google.zxing.pdf417.decoder.Decoder:
    private static final int MAX_ERRORS
    private static final int MAX_EC_CODEWORDS
    49:58:public com.google.zxing.common.DecoderResult decode(boolean[][])
com.google.zxing.pdf417.decoder.ec.ModulusPoly:
    56:56:int[] getCoefficients()
    205:227:com.google.zxing.pdf417.decoder.ec.ModulusPoly[] divide(com.google.zxing.pdf417.decoder.ec.ModulusPoly)
com.google.zxing.pdf417.detector.Detector:
    private static final int INTEGER_MATH_SHIFT
    private static final int PATTERN_MATCH_RESULT_SCALE_FACTOR
    private static final int MAX_AVG_VARIANCE
    private static final int MAX_INDIVIDUAL_VARIANCE
    private static final int SKEW_THRESHOLD
com.google.zxing.pdf417.encoder.BarcodeMatrix:
    47:48:void set(int,int,byte)
    51:52:void setMatrix(int,int,boolean)
    63:63:byte[][] getMatrix()
    67:67:byte[][] getScaledMatrix(int)
com.google.zxing.pdf417.encoder.BarcodeRow:
    45:46:void set(int,byte)
    69:69:byte[] getRow()